<?xml version="1.0" encoding="UTF-8"?>
<trace:TraceModel xmi:version="2.0" xmlns:xmi="http://www.omg.org/XMI" xmlns:trace="http://www.eclipse.org/gmf/2006/Trace">
  <nodeTraces visualID="2007" queryText="(let _eClass_:ecore::EClass = modelFacet.metaClass.ecoreClass in _eClass_.ePackage.nsURI = 'http://www.rasip.fer.hr/remes/1.2.0/uppaallite.ecore' and _eClass_.name = 'LocationType') and (let _containmentMF_:ecore::EStructuralFeature = modelFacet.containmentMetaFeature.ecoreFeature in (let _eClass_:ecore::EClass = _containmentMF_.eContainingClass in _eClass_.ePackage.nsURI = 'http://www.rasip.fer.hr/remes/1.2.0/uppaallite.ecore' and _eClass_.name = 'TemplateType') and _containmentMF_.name = 'location')">
    <nodeLabelTraces visualID="5013" queryText="true"/>
    <nodeLabelTraces visualID="5014" queryText="true"/>
  </nodeTraces>
  <nodeTraces visualID="2008" queryText="(let _eClass_:ecore::EClass = modelFacet.metaClass.ecoreClass in _eClass_.ePackage.nsURI = 'http://www.rasip.fer.hr/remes/1.2.0/uppaallite.ecore' and _eClass_.name = 'LocationType') and (let _containmentMF_:ecore::EStructuralFeature = modelFacet.containmentMetaFeature.ecoreFeature in (let _eClass_:ecore::EClass = _containmentMF_.eContainingClass in _eClass_.ePackage.nsURI = 'http://www.rasip.fer.hr/remes/1.2.0/uppaallite.ecore' and _eClass_.name = 'TemplateType') and _containmentMF_.name = 'location')">
    <nodeLabelTraces visualID="5015" queryText="true"/>
    <nodeLabelTraces visualID="5016" queryText="true"/>
  </nodeTraces>
  <nodeTraces visualID="2009" queryText="(let _eClass_:ecore::EClass = modelFacet.metaClass.ecoreClass in _eClass_.ePackage.nsURI = 'http://www.rasip.fer.hr/remes/1.2.0/uppaallite.ecore' and _eClass_.name = 'LocationType') and (let _containmentMF_:ecore::EStructuralFeature = modelFacet.containmentMetaFeature.ecoreFeature in (let _eClass_:ecore::EClass = _containmentMF_.eContainingClass in _eClass_.ePackage.nsURI = 'http://www.rasip.fer.hr/remes/1.2.0/uppaallite.ecore' and _eClass_.name = 'TemplateType') and _containmentMF_.name = 'location')">
    <nodeLabelTraces visualID="5017" queryText="true"/>
    <nodeLabelTraces visualID="5018" queryText="true"/>
  </nodeTraces>
  <nodeTraces visualID="2010" queryText="(let _eClass_:ecore::EClass = modelFacet.metaClass.ecoreClass in _eClass_.ePackage.nsURI = 'http://www.rasip.fer.hr/remes/1.2.0/uppaallite.ecore' and _eClass_.name = 'LocationType') and (let _containmentMF_:ecore::EStructuralFeature = modelFacet.containmentMetaFeature.ecoreFeature in (let _eClass_:ecore::EClass = _containmentMF_.eContainingClass in _eClass_.ePackage.nsURI = 'http://www.rasip.fer.hr/remes/1.2.0/uppaallite.ecore' and _eClass_.name = 'TemplateType') and _containmentMF_.name = 'location')">
    <nodeLabelTraces visualID="5019" queryText="true"/>
    <nodeLabelTraces visualID="5020" queryText="true"/>
  </nodeTraces>
  <nodeTraces visualID="2011" queryText="(let _eClass_:ecore::EClass = modelFacet.metaClass.ecoreClass in _eClass_.ePackage.nsURI = 'http://www.rasip.fer.hr/remes/1.2.0/uppaallite.ecore' and _eClass_.name = 'LocationType') and (let _containmentMF_:ecore::EStructuralFeature = modelFacet.containmentMetaFeature.ecoreFeature in (let _eClass_:ecore::EClass = _containmentMF_.eContainingClass in _eClass_.ePackage.nsURI = 'http://www.rasip.fer.hr/remes/1.2.0/uppaallite.ecore' and _eClass_.name = 'TemplateType') and _containmentMF_.name = 'location')">
    <nodeLabelTraces visualID="5021" queryText="true"/>
    <nodeLabelTraces visualID="5022" queryText="true"/>
  </nodeTraces>
  <nodeTraces visualID="2012" queryText="(let _eClass_:ecore::EClass = modelFacet.metaClass.ecoreClass in _eClass_.ePackage.nsURI = 'http://www.rasip.fer.hr/remes/1.2.0/uppaallite.ecore' and _eClass_.name = 'LocationType') and (let _containmentMF_:ecore::EStructuralFeature = modelFacet.containmentMetaFeature.ecoreFeature in (let _eClass_:ecore::EClass = _containmentMF_.eContainingClass in _eClass_.ePackage.nsURI = 'http://www.rasip.fer.hr/remes/1.2.0/uppaallite.ecore' and _eClass_.name = 'TemplateType') and _containmentMF_.name = 'location')">
    <nodeLabelTraces visualID="5023" queryText="true"/>
    <nodeLabelTraces visualID="5024" queryText="true"/>
  </nodeTraces>
  <linkTraces visualID="4002" queryText="modelFacet.oclIsKindOf(gmfgen::TypeLinkModelFacet) and (let _eClass_:ecore::EClass = modelFacet.oclAsType(gmfgen::TypeLinkModelFacet).metaClass.ecoreClass in _eClass_.ePackage.nsURI = 'http://www.rasip.fer.hr/remes/1.2.0/uppaallite.ecore' and _eClass_.name = 'TransitionType')">
    <linkLabelTraces visualID="6004" queryText="true"/>
    <linkLabelTraces visualID="6005" queryText="true"/>
    <linkLabelTraces visualID="6006" queryText="true"/>
  </linkTraces>
</trace:TraceModel>
