<?xml version="1.0" encoding="UTF-8"?>
<trace:TraceModel xmi:version="2.0"
    xmlns:xmi="http://www.omg.org/XMI"
    xmlns:trace="http://www.eclipse.org/gmf/2006/Trace">
  <nodeTraces
      visualID="2007"
      queryText="(let _eClass_:ecore::EClass = modelFacet.metaClass.ecoreClass in _eClass_.ePackage.nsURI = 'http://www.mdh.se/progresside/remes/1.2.0/remes.ecore' and _eClass_.name = 'SubMode') and (let _containmentMF_:ecore::EStructuralFeature = modelFacet.containmentMetaFeature.ecoreFeature in (let _eClass_:ecore::EClass = _containmentMF_.eContainingClass in _eClass_.ePackage.nsURI = 'http://www.mdh.se/progresside/remes/1.2.0/remes.ecore' and _eClass_.name = 'RemesDiagram') and _containmentMF_.name = 'modes')">
    <nodeLabelTraces
        visualID="5040"
        queryText="true"/>
    <nodeLabelTraces
        visualID="5041"
        queryText="true"/>
    <nodeLabelTraces
        visualID="5042"
        queryText="true"/>
    <nodeLabelTraces
        visualID="5043"
        queryText="true"/>
    <compartmentTraces
        visualID="7019"
        queryText="true"/>
    <compartmentTraces
        visualID="7020"
        queryText="true"/>
    <compartmentTraces
        visualID="7027"
        queryText="true"/>
  </nodeTraces>
  <nodeTraces
      visualID="2008"
      queryText="(let _eClass_:ecore::EClass = modelFacet.metaClass.ecoreClass in _eClass_.ePackage.nsURI = 'http://www.mdh.se/progresside/remes/1.2.0/remes.ecore' and _eClass_.name = 'CompositeMode') and (let _containmentMF_:ecore::EStructuralFeature = modelFacet.containmentMetaFeature.ecoreFeature in (let _eClass_:ecore::EClass = _containmentMF_.eContainingClass in _eClass_.ePackage.nsURI = 'http://www.mdh.se/progresside/remes/1.2.0/remes.ecore' and _eClass_.name = 'RemesDiagram') and _containmentMF_.name = 'modes')">
    <nodeLabelTraces
        visualID="5049"
        queryText="true"/>
    <nodeLabelTraces
        visualID="5050"
        queryText="true"/>
    <compartmentTraces
        visualID="7021"
        queryText="true"/>
    <compartmentTraces
        visualID="7022"
        queryText="true"/>
    <compartmentTraces
        visualID="7025"
        queryText="true"/>
    <compartmentTraces
        visualID="7026"
        queryText="true"/>
  </nodeTraces>
  <childNodeTraces
      visualID="3022"
      queryText="(let _eClass_:ecore::EClass = modelFacet.metaClass.ecoreClass in _eClass_.ePackage.nsURI = 'http://www.mdh.se/progresside/remes/1.2.0/remes.ecore' and _eClass_.name = 'Variable') and (let _containmentMF_:ecore::EStructuralFeature = modelFacet.containmentMetaFeature.ecoreFeature in (let _eClass_:ecore::EClass = _containmentMF_.eContainingClass in _eClass_.ePackage.nsURI = 'http://www.mdh.se/progresside/remes/1.2.0/remes.ecore' and _eClass_.name = 'Mode') and _containmentMF_.name = 'variables')"/>
  <childNodeTraces
      visualID="3023"
      queryText="(let _eClass_:ecore::EClass = modelFacet.metaClass.ecoreClass in _eClass_.ePackage.nsURI = 'http://www.mdh.se/progresside/remes/1.2.0/remes.ecore' and _eClass_.name = 'Resource') and (let _containmentMF_:ecore::EStructuralFeature = modelFacet.containmentMetaFeature.ecoreFeature in (let _eClass_:ecore::EClass = _containmentMF_.eContainingClass in _eClass_.ePackage.nsURI = 'http://www.mdh.se/progresside/remes/1.2.0/remes.ecore' and _eClass_.name = 'Mode') and _containmentMF_.name = 'resources')"/>
  <childNodeTraces
      visualID="3024"
      queryText="(let _eClass_:ecore::EClass = modelFacet.metaClass.ecoreClass in _eClass_.ePackage.nsURI = 'http://www.mdh.se/progresside/remes/1.2.0/remes.ecore' and _eClass_.name = 'EntryPoint') and (let _containmentMF_:ecore::EStructuralFeature = modelFacet.containmentMetaFeature.ecoreFeature in (let _eClass_:ecore::EClass = _containmentMF_.eContainingClass in _eClass_.ePackage.nsURI = 'http://www.mdh.se/progresside/remes/1.2.0/remes.ecore' and _eClass_.name = 'ControlPath') and _containmentMF_.name = 'entryPoint')"/>
  <childNodeTraces
      visualID="3025"
      queryText="(let _eClass_:ecore::EClass = modelFacet.metaClass.ecoreClass in _eClass_.ePackage.nsURI = 'http://www.mdh.se/progresside/remes/1.2.0/remes.ecore' and _eClass_.name = 'ExitPoint') and (let _containmentMF_:ecore::EStructuralFeature = modelFacet.containmentMetaFeature.ecoreFeature in (let _eClass_:ecore::EClass = _containmentMF_.eContainingClass in _eClass_.ePackage.nsURI = 'http://www.mdh.se/progresside/remes/1.2.0/remes.ecore' and _eClass_.name = 'ControlPath') and _containmentMF_.name = 'exitPoint')"/>
  <childNodeTraces
      visualID="3026"
      queryText="(let _eClass_:ecore::EClass = modelFacet.metaClass.ecoreClass in _eClass_.ePackage.nsURI = 'http://www.mdh.se/progresside/remes/1.2.0/remes.ecore' and _eClass_.name = 'SubMode') and (let _containmentMF_:ecore::EStructuralFeature = modelFacet.containmentMetaFeature.ecoreFeature in (let _eClass_:ecore::EClass = _containmentMF_.eContainingClass in _eClass_.ePackage.nsURI = 'http://www.mdh.se/progresside/remes/1.2.0/remes.ecore' and _eClass_.name = 'CompositeMode') and _containmentMF_.name = 'subModes')">
    <nodeLabelTraces
        visualID="5044"
        queryText="true"/>
    <nodeLabelTraces
        visualID="5045"
        queryText="true"/>
    <nodeLabelTraces
        visualID="5046"
        queryText="true"/>
    <nodeLabelTraces
        visualID="5047"
        queryText="true"/>
    <compartmentTraces
        visualID="7023"
        queryText="true"/>
    <compartmentTraces
        visualID="7024"
        queryText="true"/>
    <compartmentTraces
        visualID="7028"
        queryText="true"/>
  </childNodeTraces>
  <childNodeTraces
      visualID="3027"
      queryText="(let _eClass_:ecore::EClass = modelFacet.metaClass.ecoreClass in _eClass_.ePackage.nsURI = 'http://www.mdh.se/progresside/remes/1.2.0/remes.ecore' and _eClass_.name = 'Variable') and (let _containmentMF_:ecore::EStructuralFeature = modelFacet.containmentMetaFeature.ecoreFeature in (let _eClass_:ecore::EClass = _containmentMF_.eContainingClass in _eClass_.ePackage.nsURI = 'http://www.mdh.se/progresside/remes/1.2.0/remes.ecore' and _eClass_.name = 'Mode') and _containmentMF_.name = 'variables')"/>
  <childNodeTraces
      visualID="3028"
      queryText="(let _eClass_:ecore::EClass = modelFacet.metaClass.ecoreClass in _eClass_.ePackage.nsURI = 'http://www.mdh.se/progresside/remes/1.2.0/remes.ecore' and _eClass_.name = 'Resource') and (let _containmentMF_:ecore::EStructuralFeature = modelFacet.containmentMetaFeature.ecoreFeature in (let _eClass_:ecore::EClass = _containmentMF_.eContainingClass in _eClass_.ePackage.nsURI = 'http://www.mdh.se/progresside/remes/1.2.0/remes.ecore' and _eClass_.name = 'Mode') and _containmentMF_.name = 'resources')"/>
  <childNodeTraces
      visualID="3029"
      queryText="(let _eClass_:ecore::EClass = modelFacet.metaClass.ecoreClass in _eClass_.ePackage.nsURI = 'http://www.mdh.se/progresside/remes/1.2.0/remes.ecore' and _eClass_.name = 'EntryPoint') and (let _containmentMF_:ecore::EStructuralFeature = modelFacet.containmentMetaFeature.ecoreFeature in (let _eClass_:ecore::EClass = _containmentMF_.eContainingClass in _eClass_.ePackage.nsURI = 'http://www.mdh.se/progresside/remes/1.2.0/remes.ecore' and _eClass_.name = 'ControlPath') and _containmentMF_.name = 'entryPoint')"/>
  <childNodeTraces
      visualID="3030"
      queryText="(let _eClass_:ecore::EClass = modelFacet.metaClass.ecoreClass in _eClass_.ePackage.nsURI = 'http://www.mdh.se/progresside/remes/1.2.0/remes.ecore' and _eClass_.name = 'ExitPoint') and (let _containmentMF_:ecore::EStructuralFeature = modelFacet.containmentMetaFeature.ecoreFeature in (let _eClass_:ecore::EClass = _containmentMF_.eContainingClass in _eClass_.ePackage.nsURI = 'http://www.mdh.se/progresside/remes/1.2.0/remes.ecore' and _eClass_.name = 'ControlPath') and _containmentMF_.name = 'exitPoint')"/>
  <childNodeTraces
      visualID="3031"
      queryText="(let _eClass_:ecore::EClass = modelFacet.metaClass.ecoreClass in _eClass_.ePackage.nsURI = 'http://www.mdh.se/progresside/remes/1.2.0/remes.ecore' and _eClass_.name = 'ConditionalConnector') and (let _containmentMF_:ecore::EStructuralFeature = modelFacet.containmentMetaFeature.ecoreFeature in (let _eClass_:ecore::EClass = _containmentMF_.eContainingClass in _eClass_.ePackage.nsURI = 'http://www.mdh.se/progresside/remes/1.2.0/remes.ecore' and _eClass_.name = 'CompositeMode') and _containmentMF_.name = 'conditionalConnectors')">
    <nodeLabelTraces
        visualID="5048"
        queryText="true"/>
  </childNodeTraces>
  <childNodeTraces
      visualID="3032"
      queryText="(let _eClass_:ecore::EClass = modelFacet.metaClass.ecoreClass in _eClass_.ePackage.nsURI = 'http://www.mdh.se/progresside/remes/1.2.0/remes.ecore' and _eClass_.name = 'EntryPoint') and (let _containmentMF_:ecore::EStructuralFeature = modelFacet.containmentMetaFeature.ecoreFeature in (let _eClass_:ecore::EClass = _containmentMF_.eContainingClass in _eClass_.ePackage.nsURI = 'http://www.mdh.se/progresside/remes/1.2.0/remes.ecore' and _eClass_.name = 'ControlPath') and _containmentMF_.name = 'entryPoint')"/>
  <childNodeTraces
      visualID="3033"
      queryText="(let _eClass_:ecore::EClass = modelFacet.metaClass.ecoreClass in _eClass_.ePackage.nsURI = 'http://www.mdh.se/progresside/remes/1.2.0/remes.ecore' and _eClass_.name = 'ExitPoint') and (let _containmentMF_:ecore::EStructuralFeature = modelFacet.containmentMetaFeature.ecoreFeature in (let _eClass_:ecore::EClass = _containmentMF_.eContainingClass in _eClass_.ePackage.nsURI = 'http://www.mdh.se/progresside/remes/1.2.0/remes.ecore' and _eClass_.name = 'ControlPath') and _containmentMF_.name = 'exitPoint')"/>
  <childNodeTraces
      visualID="3034"
      queryText="(let _eClass_:ecore::EClass = modelFacet.metaClass.ecoreClass in _eClass_.ePackage.nsURI = 'http://www.mdh.se/progresside/remes/1.2.0/remes.ecore' and _eClass_.name = 'Variable') and (let _containmentMF_:ecore::EStructuralFeature = modelFacet.containmentMetaFeature.ecoreFeature in (let _eClass_:ecore::EClass = _containmentMF_.eContainingClass in _eClass_.ePackage.nsURI = 'http://www.mdh.se/progresside/remes/1.2.0/remes.ecore' and _eClass_.name = 'Mode') and _containmentMF_.name = 'variables')"/>
  <childNodeTraces
      visualID="3035"
      queryText="(let _eClass_:ecore::EClass = modelFacet.metaClass.ecoreClass in _eClass_.ePackage.nsURI = 'http://www.mdh.se/progresside/remes/1.2.0/remes.ecore' and _eClass_.name = 'EntryPoint') and (let _containmentMF_:ecore::EStructuralFeature = modelFacet.containmentMetaFeature.ecoreFeature in (let _eClass_:ecore::EClass = _containmentMF_.eContainingClass in _eClass_.ePackage.nsURI = 'http://www.mdh.se/progresside/remes/1.2.0/remes.ecore' and _eClass_.name = 'ControlPath') and _containmentMF_.name = 'entryPoint')"/>
  <childNodeTraces
      visualID="3036"
      queryText="(let _eClass_:ecore::EClass = modelFacet.metaClass.ecoreClass in _eClass_.ePackage.nsURI = 'http://www.mdh.se/progresside/remes/1.2.0/remes.ecore' and _eClass_.name = 'ExitPoint') and (let _containmentMF_:ecore::EStructuralFeature = modelFacet.containmentMetaFeature.ecoreFeature in (let _eClass_:ecore::EClass = _containmentMF_.eContainingClass in _eClass_.ePackage.nsURI = 'http://www.mdh.se/progresside/remes/1.2.0/remes.ecore' and _eClass_.name = 'ControlPath') and _containmentMF_.name = 'exitPoint')"/>
  <childNodeTraces
      visualID="3037"
      queryText="(let _eClass_:ecore::EClass = modelFacet.metaClass.ecoreClass in _eClass_.ePackage.nsURI = 'http://www.mdh.se/progresside/remes/1.2.0/remes.ecore' and _eClass_.name = 'CompositeEntryPoint') and (let _containmentMF_:ecore::EStructuralFeature = modelFacet.containmentMetaFeature.ecoreFeature in (let _eClass_:ecore::EClass = _containmentMF_.eContainingClass in _eClass_.ePackage.nsURI = 'http://www.mdh.se/progresside/remes/1.2.0/remes.ecore' and _eClass_.name = 'CompositeMode') and _containmentMF_.name = 'compositeEntryPoint')"/>
  <childNodeTraces
      visualID="3038"
      queryText="(let _eClass_:ecore::EClass = modelFacet.metaClass.ecoreClass in _eClass_.ePackage.nsURI = 'http://www.mdh.se/progresside/remes/1.2.0/remes.ecore' and _eClass_.name = 'CompositeExitPoint') and (let _containmentMF_:ecore::EStructuralFeature = modelFacet.containmentMetaFeature.ecoreFeature in (let _eClass_:ecore::EClass = _containmentMF_.eContainingClass in _eClass_.ePackage.nsURI = 'http://www.mdh.se/progresside/remes/1.2.0/remes.ecore' and _eClass_.name = 'CompositeMode') and _containmentMF_.name = 'compositeExitPoint')"/>
  <childNodeTraces
      visualID="3039"
      queryText="(let _eClass_:ecore::EClass = modelFacet.metaClass.ecoreClass in _eClass_.ePackage.nsURI = 'http://www.mdh.se/progresside/remes/1.2.0/remes.ecore' and _eClass_.name = 'InitPoint') and (let _containmentMF_:ecore::EStructuralFeature = modelFacet.containmentMetaFeature.ecoreFeature in (let _eClass_:ecore::EClass = _containmentMF_.eContainingClass in _eClass_.ePackage.nsURI = 'http://www.mdh.se/progresside/remes/1.2.0/remes.ecore' and _eClass_.name = 'CompositeMode') and _containmentMF_.name = 'initPoint')"/>
  <childNodeTraces
      visualID="3040"
      queryText="(let _eClass_:ecore::EClass = modelFacet.metaClass.ecoreClass in _eClass_.ePackage.nsURI = 'http://www.mdh.se/progresside/remes/1.2.0/remes.ecore' and _eClass_.name = 'Resource') and (let _containmentMF_:ecore::EStructuralFeature = modelFacet.containmentMetaFeature.ecoreFeature in (let _eClass_:ecore::EClass = _containmentMF_.eContainingClass in _eClass_.ePackage.nsURI = 'http://www.mdh.se/progresside/remes/1.2.0/remes.ecore' and _eClass_.name = 'Mode') and _containmentMF_.name = 'resources')"/>
  <childNodeTraces
      visualID="3041"
      queryText="(let _eClass_:ecore::EClass = modelFacet.metaClass.ecoreClass in _eClass_.ePackage.nsURI = 'http://www.mdh.se/progresside/remes/1.2.0/remes.ecore' and _eClass_.name = 'Constant') and (let _containmentMF_:ecore::EStructuralFeature = modelFacet.containmentMetaFeature.ecoreFeature in (let _eClass_:ecore::EClass = _containmentMF_.eContainingClass in _eClass_.ePackage.nsURI = 'http://www.mdh.se/progresside/remes/1.2.0/remes.ecore' and _eClass_.name = 'Mode') and _containmentMF_.name = 'constants')"/>
  <childNodeTraces
      visualID="3042"
      queryText="(let _eClass_:ecore::EClass = modelFacet.metaClass.ecoreClass in _eClass_.ePackage.nsURI = 'http://www.mdh.se/progresside/remes/1.2.0/remes.ecore' and _eClass_.name = 'Constant') and (let _containmentMF_:ecore::EStructuralFeature = modelFacet.containmentMetaFeature.ecoreFeature in (let _eClass_:ecore::EClass = _containmentMF_.eContainingClass in _eClass_.ePackage.nsURI = 'http://www.mdh.se/progresside/remes/1.2.0/remes.ecore' and _eClass_.name = 'Mode') and _containmentMF_.name = 'constants')"/>
  <childNodeTraces
      visualID="3043"
      queryText="(let _eClass_:ecore::EClass = modelFacet.metaClass.ecoreClass in _eClass_.ePackage.nsURI = 'http://www.mdh.se/progresside/remes/1.2.0/remes.ecore' and _eClass_.name = 'Constant') and (let _containmentMF_:ecore::EStructuralFeature = modelFacet.containmentMetaFeature.ecoreFeature in (let _eClass_:ecore::EClass = _containmentMF_.eContainingClass in _eClass_.ePackage.nsURI = 'http://www.mdh.se/progresside/remes/1.2.0/remes.ecore' and _eClass_.name = 'Mode') and _containmentMF_.name = 'constants')"/>
  <linkTraces
      visualID="4028"
      queryText="modelFacet.oclIsKindOf(gmfgen::TypeLinkModelFacet) and (let _eClass_:ecore::EClass = modelFacet.oclAsType(gmfgen::TypeLinkModelFacet).metaClass.ecoreClass in _eClass_.ePackage.nsURI = 'http://www.mdh.se/progresside/remes/1.2.0/remes.ecore' and _eClass_.name = 'Edge')">
    <linkLabelTraces
        visualID="6028"
        queryText="true"/>
  </linkTraces>
  <linkTraces
      visualID="4029"
      queryText="modelFacet.oclIsKindOf(gmfgen::TypeLinkModelFacet) and (let _eClass_:ecore::EClass = modelFacet.oclAsType(gmfgen::TypeLinkModelFacet).metaClass.ecoreClass in _eClass_.ePackage.nsURI = 'http://www.mdh.se/progresside/remes/1.2.0/remes.ecore' and _eClass_.name = 'InitEdge')">
    <linkLabelTraces
        visualID="6029"
        queryText="true"/>
  </linkTraces>
</trace:TraceModel>
